nohup: ignoring input

Collecting usage statistics. To deactivate, set browser.gatherUsageStats to false.


  You can now view your Streamlit app in your browser.

  Local URL: http://localhost:8501
  Network URL: http://192.168.68.67:8501
  External URL: http://181.116.222.80:8501

2025-04-27 23:27:29.364 Examining the path of torch.classes raised:
Traceback (most recent call last):
  File "/usr/local/lib/python3.11/dist-packages/streamlit/web/bootstrap.py", line 347, in run
    if asyncio.get_running_loop().is_running():
       ^^^^^^^^^^^^^^^^^^^^^^^^^^
RuntimeError: no running event loop

During handling of the above exception, another exception occurred:

Traceback (most recent call last):
  File "/usr/local/lib/python3.11/dist-packages/streamlit/watcher/local_sources_watcher.py", line 217, in get_module_paths
    potential_paths = extract_paths(module)
                      ^^^^^^^^^^^^^^^^^^^^^
  File "/usr/local/lib/python3.11/dist-packages/streamlit/watcher/local_sources_watcher.py", line 210, in <lambda>
    lambda m: list(m.__path__._path),
                   ^^^^^^^^^^^^^^^^
  File "/usr/local/lib/python3.11/dist-packages/torch/_classes.py", line 13, in __getattr__
    proxy = torch._C._get_custom_class_python_wrapper(self.name, attr)
            ^^^^^^^^^^^^^^^^^^^^^^^^^^^^^^^^^^^^^^^^^^^^^^^^^^^^^^^^^^
RuntimeError: Tried to instantiate class '__path__._path', but it does not exist! Ensure that it is registered via torch::class_
